<?xml version="1.0" encoding="UTF-8"?>
<!-- Generated by org.testng.reporters.JUnitReportReporter -->
<testsuite hostname="DESKTOP-LQEM3VC" failures="0" tests="2" name="ebrahim.hossain.sqa.BeforeGroupsExample" time="7.367" errors="0" timestamp="2024-04-16T03:03:42 EDT" skipped="0">
  <testcase classname="ebrahim.hossain.sqa.BeforeGroupsExample" name="firstTest" time="3.956"/>
  <testcase classname="ebrahim.hossain.sqa.BeforeGroupsExample" name="secondTest" time="3.411"/>
</testsuite> <!-- ebrahim.hossain.sqa.BeforeGroupsExample -->
