<?xml version="1.0" encoding="UTF-8"?>
<!-- Generated by org.testng.reporters.JUnitReportReporter -->
<testsuite hostname="DESKTOP-LQEM3VC" failures="0" tests="1" name="ebrahim.hossain.sqa.TestExample" time="3.881" errors="0" timestamp="2024-04-13T15:09:20 EDT" skipped="0">
  <testcase classname="ebrahim.hossain.sqa.TestExample" name="openUrl" time="3.881"/>
</testsuite> <!-- ebrahim.hossain.sqa.TestExample -->
