<?xml version="1.0" encoding="UTF-8"?>
<!-- Generated by org.testng.reporters.JUnitReportReporter -->
<testsuite hostname="DESKTOP-LQEM3VC" failures="0" tests="1" name="ebrahim.hossain.sqa.AfterClassExample" time="3.066" errors="0" timestamp="2024-04-13T15:37:18 EDT" skipped="0">
  <testcase classname="ebrahim.hossain.sqa.AfterClassExample" name="openUrl" time="3.066"/>
</testsuite> <!-- ebrahim.hossain.sqa.AfterClassExample -->
