<?xml version="1.0" encoding="UTF-8"?>
<!-- Generated by org.testng.reporters.JUnitReportReporter -->
<testsuite hostname="DESKTOP-LQEM3VC" failures="0" tests="2" name="ebrahim.hossain.sqa.AfterGroupsExample" time="9.730" errors="0" timestamp="2024-04-16T03:08:34 EDT" skipped="0">
  <testcase classname="ebrahim.hossain.sqa.AfterGroupsExample" name="firstTest" time="3.928"/>
  <testcase classname="ebrahim.hossain.sqa.AfterGroupsExample" name="secondTest" time="5.802"/>
</testsuite> <!-- ebrahim.hossain.sqa.AfterGroupsExample -->
