<?xml version="1.0" encoding="UTF-8"?>
<!-- Generated by org.testng.reporters.JUnitReportReporter -->
<testsuite hostname="DESKTOP-LQEM3VC" failures="0" tests="1" name="ebrahim.hossain.sqa.DataProviderExample" time="5.165" errors="0" timestamp="2024-04-15T08:23:32 EDT" skipped="0">
  <testcase classname="ebrahim.hossain.sqa.DataProviderExample" name="testLogin" time="5.165"/>
</testsuite> <!-- ebrahim.hossain.sqa.DataProviderExample -->
