<?xml version="1.0" encoding="UTF-8"?>
<!-- Generated by org.testng.reporters.JUnitReportReporter -->
<testsuite hostname="DESKTOP-LQEM3VC" failures="0" tests="1" name="ebrahim.hossain.sqa.IgnoreExample" time="4.710" errors="0" timestamp="2024-04-15T13:02:14 EDT" skipped="0">
  <testcase classname="ebrahim.hossain.sqa.IgnoreExample" name="secondTest" time="4.710"/>
</testsuite> <!-- ebrahim.hossain.sqa.IgnoreExample -->
