<?xml version="1.0" encoding="UTF-8"?>
<!-- Generated by org.testng.reporters.JUnitReportReporter -->
<testsuite hostname="DESKTOP-LQEM3VC" failures="0" tests="1" name="ebrahim.hossain.sqa.AfterTestExample" time="3.805" errors="0" timestamp="2024-04-13T16:08:53 EDT" skipped="0">
  <testcase classname="ebrahim.hossain.sqa.AfterTestExample" name="openUrl" time="3.805"/>
</testsuite> <!-- ebrahim.hossain.sqa.AfterTestExample -->
