<?xml version="1.0" encoding="UTF-8"?>
<!-- Generated by org.testng.reporters.JUnitReportReporter -->
<testsuite hostname="DESKTOP-LQEM3VC" failures="0" tests="1" name="ebrahim.hossain.sqa.BeforeSuiteExample" time="2.267" errors="0" timestamp="2024-04-08T19:46:59 EDT" skipped="0">
  <testcase classname="ebrahim.hossain.sqa.BeforeSuiteExample" name="openUrl" time="2.267"/>
</testsuite> <!-- ebrahim.hossain.sqa.BeforeSuiteExample -->
