<?xml version="1.0" encoding="UTF-8"?>
<!-- Generated by org.testng.reporters.JUnitReportReporter -->
<testsuite hostname="DESKTOP-LQEM3VC" failures="0" tests="2" name="ebrahim.hossain.sqa.AfterMethodExample" time="11.355" errors="0" timestamp="2024-04-13T15:26:27 EDT" skipped="0">
  <testcase classname="ebrahim.hossain.sqa.AfterMethodExample" name="firstTest" time="6.516"/>
  <testcase classname="ebrahim.hossain.sqa.AfterMethodExample" name="secondTest" time="4.839"/>
</testsuite> <!-- ebrahim.hossain.sqa.AfterMethodExample -->
