<?xml version="1.0" encoding="UTF-8"?>
<!-- Generated by org.testng.reporters.JUnitReportReporter -->
<testsuite hostname="DESKTOP-LQEM3VC" failures="0" tests="2" name="ebrahim.hossain.sqa.ParametersExample" time="13.179" errors="0" timestamp="2024-04-16T04:47:32 EDT" skipped="0">
  <testcase classname="ebrahim.hossain.sqa.ParametersExample" name="secondTest" time="5.147"/>
  <testcase classname="ebrahim.hossain.sqa.ParametersExample" name="firstTest" time="8.032"/>
</testsuite> <!-- ebrahim.hossain.sqa.ParametersExample -->
