<?xml version="1.0" encoding="UTF-8"?>
<!-- Generated by org.testng.reporters.JUnitReportReporter -->
<testsuite hostname="DESKTOP-LQEM3VC" failures="0" tests="2" name="ebrahim.hossain.sqa.BeforeMethodExample" time="5.762" errors="0" timestamp="2024-04-13T15:13:42 EDT" skipped="0">
  <testcase classname="ebrahim.hossain.sqa.BeforeMethodExample" name="fetchTitle" time="3.677"/>
  <testcase classname="ebrahim.hossain.sqa.BeforeMethodExample" name="secondTest" time="2.085"/>
</testsuite> <!-- ebrahim.hossain.sqa.BeforeMethodExample -->
