<?xml version="1.0" encoding="UTF-8"?>
<!-- Generated by org.testng.reporters.JUnitReportReporter -->
<testsuite hostname="DESKTOP-LQEM3VC" failures="0" tests="1" name="ebrahim.hossain.sqa.BeforeTestExample" time="1.175" errors="0" timestamp="2024-04-13T15:44:28 EDT" skipped="0">
  <testcase classname="ebrahim.hossain.sqa.BeforeTestExample" name="openUrl" time="1.175"/>
</testsuite> <!-- ebrahim.hossain.sqa.BeforeTestExample -->
