<?xml version="1.0" encoding="UTF-8"?>
<!-- Generated by org.testng.reporters.JUnitReportReporter -->
<testsuite hostname="DESKTOP-LQEM3VC" failures="0" tests="1" name="ebrahim.hossain.sqa.BeforeClassExample" time="1.154" errors="0" timestamp="2024-04-13T15:36:05 EDT" skipped="0">
  <testcase classname="ebrahim.hossain.sqa.BeforeClassExample" name="openUrl" time="1.154"/>
</testsuite> <!-- ebrahim.hossain.sqa.BeforeClassExample -->
